<?xml version="1.0" encoding="UTF-8"?>
<testng-results skipped="0" failed="0" total="1" passed="1">
  <reporter-output>
  </reporter-output>
  <suite name="Suite" duration-ms="48132" started-at="2020-09-09T18:45:04Z" finished-at="2020-09-09T18:45:52Z">
    <groups>
      <group name="cucumber">
        <method signature="AbstractTestNGCucumberTests.feature(cucumber.api.testng.CucumberFeatureWrapper)[pri:0, instance:TestRunner.runner@4fb64261]" name="feature" class="cucumber.api.testng.AbstractTestNGCucumberTests"/>
      </group> <!-- cucumber -->
    </groups>
    <test name="Test" duration-ms="48132" started-at="2020-09-09T18:45:04Z" finished-at="2020-09-09T18:45:52Z">
      <class name="TestRunner.runner">
        <test-method status="PASS" signature="setUpClass()[pri:0, instance:TestRunner.runner@4fb64261]" name="setUpClass" is-config="true" duration-ms="169" started-at="2020-09-09T11:45:04Z" finished-at="2020-09-09T11:45:04Z">
          <reporter-output>
          </reporter-output>
        </test-method> <!-- setUpClass -->
        <test-method status="PASS" signature="feature(cucumber.api.testng.CucumberFeatureWrapper)[pri:0, instance:TestRunner.runner@4fb64261]" name="feature" duration-ms="47751" started-at="2020-09-09T11:45:04Z" description="Runs Cucumber Feature" data-provider="features" finished-at="2020-09-09T11:45:52Z">
          <params>
            <param index="0">
              <value>
                <![CDATA[RedFin functionality]]>
              </value>
            </param>
          </params>
          <reporter-output>
          </reporter-output>
        </test-method> <!-- feature -->
        <test-method status="PASS" signature="tearDownClass()[pri:0, instance:TestRunner.runner@4fb64261]" name="tearDownClass" is-config="true" duration-ms="143" started-at="2020-09-09T11:45:52Z" finished-at="2020-09-09T11:45:52Z">
          <reporter-output>
          </reporter-output>
        </test-method> <!-- tearDownClass -->
      </class> <!-- TestRunner.runner -->
    </test> <!-- Test -->
  </suite> <!-- Suite -->
</testng-results>
